0 info it worked if it ends with ok
1 verbose cli [ '/Users/marcusdb/.nvm/v0.10.40/bin/node',
1 verbose cli   '/Users/marcusdb/.nvm/v0.10.40/bin/npm',
1 verbose cli   'publish',
1 verbose cli   './' ]
2 info using npm@1.4.28
3 info using node@v0.10.40
4 verbose publish [ './' ]
5 verbose cache add [ './', null ]
6 verbose cache add name=undefined spec="./" args=["./",null]
7 verbose parsed url { protocol: null,
7 verbose parsed url   slashes: null,
7 verbose parsed url   auth: null,
7 verbose parsed url   host: null,
7 verbose parsed url   port: null,
7 verbose parsed url   hostname: null,
7 verbose parsed url   hash: null,
7 verbose parsed url   search: null,
7 verbose parsed url   query: null,
7 verbose parsed url   pathname: './',
7 verbose parsed url   path: './',
7 verbose parsed url   href: './' }
8 silly lockFile 0ee6c175- ./
9 verbose lock ./ /Users/marcusdb/.npm/0ee6c175-.lock
10 verbose tar pack [ '/Users/marcusdb/.npm/microGears/1.0.0/package.tgz', './' ]
11 verbose tarball /Users/marcusdb/.npm/microGears/1.0.0/package.tgz
12 verbose folder ./
13 info prepublish microGears@1.0.0
14 silly lockFile 04cb2bca-tar tar://./
15 verbose lock tar://./ /Users/marcusdb/.npm/04cb2bca-tar.lock
16 silly lockFile e80b6c21-npm-microGears-1-0-0-package-tgz tar:///Users/marcusdb/.npm/microGears/1.0.0/package.tgz
17 verbose lock tar:///Users/marcusdb/.npm/microGears/1.0.0/package.tgz /Users/marcusdb/.npm/e80b6c21-npm-microGears-1-0-0-package-tgz.lock
18 silly lockFile 04cb2bca-tar tar://./
19 silly lockFile 04cb2bca-tar tar://./
20 silly lockFile e80b6c21-npm-microGears-1-0-0-package-tgz tar:///Users/marcusdb/.npm/microGears/1.0.0/package.tgz
21 silly lockFile e80b6c21-npm-microGears-1-0-0-package-tgz tar:///Users/marcusdb/.npm/microGears/1.0.0/package.tgz
22 silly lockFile 2cfdd95f-sdb-npm-microGears-1-0-0-package /Users/marcusdb/.npm/microGears/1.0.0/package
23 verbose lock /Users/marcusdb/.npm/microGears/1.0.0/package /Users/marcusdb/.npm/2cfdd95f-sdb-npm-microGears-1-0-0-package.lock
24 silly lockFile 2cfdd95f-sdb-npm-microGears-1-0-0-package /Users/marcusdb/.npm/microGears/1.0.0/package
25 silly lockFile 2cfdd95f-sdb-npm-microGears-1-0-0-package /Users/marcusdb/.npm/microGears/1.0.0/package
26 silly lockFile 0ee6c175- ./
27 silly lockFile 0ee6c175- ./
28 silly publish { name: 'microGears',
28 silly publish   version: '1.0.0',
28 silly publish   description: 'super lightweight micro framework for reactive services',
28 silly publish   main: 'index.js',
28 silly publish   scripts: { test: 'grunt test' },
28 silly publish   author: { name: 'Marcus David Bronstein' },
28 silly publish   license: 'ISC',
28 silly publish   repository:
28 silly publish    { type: 'git',
28 silly publish      url: 'https://github.com/marcusdb/microGears.git' },
28 silly publish   dependencies: { bluebird: '3.0.5', ramda: '0.18.0' },
28 silly publish   devDependencies:
28 silly publish    { grunt: '0.4.5',
28 silly publish      'grunt-contrib-jshint': '0.11.3',
28 silly publish      'grunt-jasmine-node': '0.3.1',
28 silly publish      sinon: '1.17.2' },
28 silly publish   readme: '[![Build Status](https://travis-ci.org/marcusdb/microGears.svg?branch=master)](https://travis-ci.org/marcusdb/microGears)\n[![Dependency Status](https://david-dm.org/marcusdb/microGears.svg)](https://david-dm.org/marcusdb/microGears)\n[![devDependency Status](https://david-dm.org/marcusdb/microGears/dev-status.svg)](https://david-dm.org/marcusdb/microGears#info=devDependencies)\n[![Issue Stats](http://issuestats.com/github/marcusdb/microGears/badge/issue?style=flat)](http://issuestats.com/github/marcusdb/microGears)\n[![Issue Stats](http://issuestats.com/github/marcusdb/microGears/badge/pr?style=flat)](http://issuestats.com/github/marcusdb/microGears)\n\n\n# MicroGears\nMicroGears a super lightweight micro framework for reactive services\n\nMicroGears was build with 3 main objectives in mind.\n\n* enforce immutability of function parameters\n* enable your service to be filtered in a transparent way (with more then one filter simultaneously)\n* help to administer service dependency in favor of a better and more controlled test environment\n',
28 silly publish   readmeFilename: 'README.md',
28 silly publish   gitHead: '76db7aeb98b800073b85d00e71add144a5e884d1',
28 silly publish   bugs: { url: 'https://github.com/marcusdb/microGears/issues' },
28 silly publish   homepage: 'https://github.com/marcusdb/microGears',
28 silly publish   _id: 'microGears@1.0.0',
28 silly publish   _shasum: '7519015eaa1cbaee62277dfe3e43053c54cb817b',
28 silly publish   _from: './' }
29 verbose request where is /microGears
30 verbose request registry https://registry.npmjs.org/
31 verbose request id f7736fdccd7519c1
32 verbose url raw /microGears
33 verbose url resolving [ 'https://registry.npmjs.org/', './microGears' ]
34 verbose url resolved https://registry.npmjs.org/microGears
35 verbose request where is https://registry.npmjs.org/microGears
36 info trying registry request attempt 1 at 14:34:53
37 http PUT https://registry.npmjs.org/microGears
38 http 400 https://registry.npmjs.org/microGears
39 verbose headers { 'content-type': 'application/json',
39 verbose headers   'cache-control': 'max-age=60',
39 verbose headers   'content-length': '54',
39 verbose headers   'accept-ranges': 'bytes',
39 verbose headers   date: 'Fri, 27 Nov 2015 16:34:56 GMT',
39 verbose headers   via: '1.1 varnish',
39 verbose headers   connection: 'keep-alive',
39 verbose headers   'x-served-by': 'cache-lax1432-LAX',
39 verbose headers   'x-cache': 'MISS',
39 verbose headers   'x-cache-hits': '0',
39 verbose headers   'x-timer': 'S1448642095.681630,VS0,VE507' }
40 error publish Failed PUT 400
41 error Error: name can no longer contain capital letters : microGears
41 error     at RegClient.<anonymous> (/Users/marcusdb/.nvm/v0.10.40/lib/node_modules/npm/node_modules/npm-registry-client/lib/request.js:308:14)
41 error     at Request._callback (/Users/marcusdb/.nvm/v0.10.40/lib/node_modules/npm/node_modules/npm-registry-client/lib/request.js:246:65)
41 error     at Request.self.callback (/Users/marcusdb/.nvm/v0.10.40/lib/node_modules/npm/node_modules/request/request.js:236:22)
41 error     at Request.emit (events.js:98:17)
41 error     at Request.<anonymous> (/Users/marcusdb/.nvm/v0.10.40/lib/node_modules/npm/node_modules/request/request.js:1142:14)
41 error     at Request.emit (events.js:117:20)
41 error     at IncomingMessage.<anonymous> (/Users/marcusdb/.nvm/v0.10.40/lib/node_modules/npm/node_modules/request/request.js:1096:12)
41 error     at IncomingMessage.emit (events.js:117:20)
41 error     at _stream_readable.js:944:16
41 error     at process._tickCallback (node.js:448:13)
42 error If you need help, you may report this *entire* log,
42 error including the npm and node versions, at:
42 error     <http://github.com/npm/npm/issues>
43 error System Darwin 14.5.0
44 error command "/Users/marcusdb/.nvm/v0.10.40/bin/node" "/Users/marcusdb/.nvm/v0.10.40/bin/npm" "publish" "./"
45 error cwd /Users/marcusdb/Documents/Env/workspace/microGears
46 error node -v v0.10.40
47 error npm -v 1.4.28
48 verbose exit [ 1, true ]
